<?xml version="1.0" encoding="UTF-8"?>
<!-- Generated by org.testng.reporters.JUnitXMLReporter -->
<testsuite hostname="BRIDT-1420" ignored="0" name="TestParameter" tests="4" failures="1" timestamp="04 Jan 2018 11:01:56 GMT" time="0.023" errors="0">
  <testcase name="ClassOneTestOne" time="0.001" classname="test.SampleTestClassOne"/>
  <testcase name="ClassOneTestThree" time="0.001" classname="test.SampleTestClassOne"/>
  <testcase name="ClassOneTestTwo" time="0.001" classname="test.SampleTestClassOne">
    <failure type="java.lang.AssertionError" message="null">
      <![CDATA[java.lang.AssertionError: null
	at test.SampleTestClassOne.ClassOneTestTwo(SampleTestClassOne.java:69)
... Removed 27 stack frames]]>
    </failure>
  </testcase> <!-- ClassOneTestTwo -->
  <testcase name="testSingleString" time="0.002" classname="test.SampleTestClassOne"/>
</testsuite> <!-- TestParameter -->
